import time: self [us] | cumulative | imported package
import time:       154 |        154 |   _io
import time:        38 |         38 |   marshal
import time:       159 |        159 |   nt
import time:        65 |         65 |   winreg
import time:       532 |        945 | _frozen_importlib_external
import time:       656 |        656 |   time
import time:       205 |        861 | zipimport
import time:        69 |         69 |     _codecs
import time:      1377 |       1445 |   codecs
import time:      1090 |       1090 |   encodings.aliases
import time:      3202 |       5736 | encodings
import time:       571 |        571 | encodings.utf_8
import time:       591 |        591 | encodings.cp1252
import time:        47 |         47 | _signal
import time:        52 |         52 |     _abc
import time:       867 |        918 |   abc
import time:       878 |       1796 | io
import time:        72 |         72 |       _stat
import time:       815 |        886 |     stat
import time:      1426 |       1426 |     _collections_abc
import time:       740 |        740 |       genericpath
import time:       137 |        137 |       _winapi
import time:      1438 |       2314 |     ntpath
import time:      1242 |       5866 |   os
import time:       858 |        858 |   _sitebuiltins
import time:      1639 |       1639 |   _distutils_hack
import time:       928 |        928 |   types
import time:       850 |        850 |       warnings
import time:       903 |       1752 |     importlib
import time:       532 |        532 |     importlib._abc
import time:       124 |        124 |         itertools
import time:       775 |        775 |         keyword
import time:        81 |         81 |           _operator
import time:      1247 |       1327 |         operator
import time:       800 |        800 |         reprlib
import time:        67 |         67 |         _collections
import time:      1426 |       4515 |       collections
import time:        64 |         64 |         _functools
import time:      1170 |       1234 |       functools
import time:      1048 |       6796 |     contextlib
import time:       890 |       9969 |   importlib.util
import time:       594 |        594 |   importlib.machinery
import time:       532 |        532 |   sitecustomize
import time:      4399 |      24781 | site
import time:       957 |        957 |       _weakrefset
import time:      1028 |       1984 |     weakref
import time:       823 |        823 |       __future__
import time:      1332 |       1332 |           enum
import time:       560 |       1892 |         numpy._globals
import time:       400 |        400 |         numpy.__config__
import time:        74 |         74 |                 _sre
import time:      1033 |       1033 |                   sre_constants
import time:      1030 |       2062 |                 sre_parse
import time:       949 |       3085 |               sre_compile
import time:        52 |         52 |               _locale
import time:       912 |        912 |               copyreg
import time:      1096 |       5143 |             re
import time:       864 |        864 |               posixpath
import time:       856 |       1720 |             fnmatch
import time:      1068 |       7930 |           glob
import time:      1872 |       1872 |             _ctypes
import time:        81 |         81 |               _struct
import time:       818 |        898 |             struct
import time:       826 |        826 |             ctypes._endian
import time:      1528 |       5123 |           ctypes
import time:      1205 |      14257 |         numpy._distributor_init
import time:        54 |         54 |                     _json
import time:       774 |        828 |                   json.scanner
import time:      1002 |       1829 |                 json.decoder
import time:       810 |        810 |                 json.encoder
import time:       960 |       3598 |               json
import time:       272 |       3870 |             numpy._version
import time:       318 |       4188 |           numpy.version
import time:        71 |         71 |                   math
import time:       107 |        107 |                   _datetime
import time:      1598 |       1775 |                 datetime
import time:      2829 |       4604 |               numpy.core._multiarray_umath
import time:       444 |        444 |                   numpy.compat._inspect
import time:      2018 |       2018 |                   numpy.compat._pep440
import time:        70 |         70 |                       errno
import time:       930 |        930 |                         urllib
import time:      1440 |       2370 |                       urllib.parse
import time:      1369 |       3807 |                     pathlib
import time:       589 |        589 |                     pickle5
import time:       969 |        969 |                       _compat_pickle
import time:       100 |        100 |                       _pickle
import time:       592 |        592 |                           org
import time:        20 |        612 |                         org.python
import time:        19 |        630 |                       org.python.core
import time:      1453 |       3151 |                     pickle
import time:       393 |       7938 |                   numpy.compat.py3k
import time:       492 |      10891 |                 numpy.compat
import time:        25 |      10916 |               numpy.compat._inspect
import time:       456 |      15975 |             numpy.core.overrides
import time:       888 |      16862 |           numpy.core.multiarray
import time:       355 |        355 |           numpy.core.umath
import time:      1049 |       1049 |             numbers
import time:       332 |        332 |             numpy.core._string_helpers
import time:       348 |        348 |               numpy.core._dtype
import time:       496 |        843 |             numpy.core._type_aliases
import time:       514 |       2737 |           numpy.core.numerictypes
import time:       435 |        435 |                   numpy.core._exceptions
import time:       410 |        845 |                 numpy.core._methods
import time:       907 |       1751 |               numpy.core.fromnumeric
import time:       495 |       2246 |             numpy.core.shape_base
import time:       773 |        773 |               collections.abc
import time:       381 |       1153 |             numpy.core._ufunc_config
import time:       637 |        637 |             numpy.core.arrayprint
import time:       324 |        324 |             numpy.core._asarray
import time:       954 |       5312 |           numpy.core.numeric
import time:       867 |        867 |           numpy.core.defchararray
import time:       507 |        507 |           numpy.core.records
import time:       341 |        341 |           numpy.core.memmap
import time:       356 |        356 |           numpy.core.function_base
import time:       357 |        357 |           numpy.core._machar
import time:       402 |        402 |           numpy.core.getlimits
import time:       421 |        421 |           numpy.core.einsumfunc
import time:       720 |        720 |             numpy.core._multiarray_tests
import time:      1205 |       1925 |           numpy.core._add_newdocs
import time:      1072 |       1072 |                 signal
import time:      1629 |       1629 |                 threading
import time:       615 |        615 |                 fcntl
import time:        50 |         50 |                 msvcrt
import time:      1324 |       4687 |               subprocess
import time:      2385 |       7071 |             platform
import time:      2646 |       2646 |               _socket
import time:       882 |        882 |                 select
import time:      1224 |       2106 |               selectors
import time:      1689 |       6440 |             socket
import time:     41979 |      55489 |           numpy.core._add_newdocs_scalars
import time:       388 |        388 |           numpy.core._dtype_ctypes
import time:       769 |        769 |               _ast
import time:      1740 |       2509 |             ast
import time:       880 |       3388 |           numpy.core._internal
import time:       362 |        362 |           numpy._pytesttester
import time:       919 |      95169 |         numpy.core
import time:       636 |        636 |           numpy.lib.mixins
import time:       346 |        346 |               numpy.lib.ufunclike
import time:       457 |        802 |             numpy.lib.type_check
import time:       457 |       1259 |           numpy.lib.scimath
import time:       389 |        389 |                       numpy.lib.stride_tricks
import time:       509 |        897 |                     numpy.lib.twodim_base
import time:       777 |        777 |                     numpy.linalg._umath_linalg
import time:       871 |       2544 |                   numpy.linalg.linalg
import time:       407 |       2950 |                 numpy.linalg
import time:       602 |       3552 |               numpy.matrixlib.defmatrix
import time:       375 |       3926 |             numpy.matrixlib
import time:       440 |        440 |               numpy.lib.histograms
import time:       964 |       1404 |             numpy.lib.function_base
import time:       554 |       5883 |           numpy.lib.index_tricks
import time:       624 |        624 |           numpy.lib.nanfunctions
import time:       502 |        502 |           numpy.lib.shape_base
import time:       676 |        676 |           numpy.lib.polynomial
import time:      1637 |       1637 |             textwrap
import time:       670 |       2307 |           numpy.lib.utils
import time:       451 |        451 |           numpy.lib.arraysetops
import time:       411 |        411 |             numpy.lib.format
import time:       392 |        392 |             numpy.lib._datasource
import time:       452 |        452 |             numpy.lib._iotools
import time:       702 |       1955 |           numpy.lib.npyio
import time:       332 |        332 |           numpy.lib.arrayterator
import time:       359 |        359 |           numpy.lib.arraypad
import time:       343 |        343 |           numpy.lib._version
import time:       600 |      15922 |         numpy.lib
import time:       608 |        608 |             numpy.fft._pocketfft_internal
import time:       704 |       1311 |           numpy.fft._pocketfft
import time:       377 |        377 |           numpy.fft.helper
import time:       398 |       2085 |         numpy.fft
import time:       358 |        358 |             numpy.polynomial.polyutils
import time:       990 |        990 |             numpy.polynomial._polybase
import time:       639 |       1986 |           numpy.polynomial.polynomial
import time:       524 |        524 |           numpy.polynomial.chebyshev
import time:       451 |        451 |           numpy.polynomial.legendre
import time:       564 |        564 |           numpy.polynomial.hermite
import time:       464 |        464 |           numpy.polynomial.hermite_e
import time:       440 |        440 |           numpy.polynomial.laguerre
import time:       437 |       4864 |         numpy.polynomial
import time:       633 |        633 |                   backports_abc
import time:       929 |       1561 |                 numpy.random._common
import time:        70 |         70 |                     binascii
import time:       926 |        996 |                   base64
import time:      1534 |       1534 |                     _hashlib
import time:        64 |         64 |                       _blake2
import time:       932 |        995 |                     hashlib
import time:       914 |       3442 |                   hmac
import time:        40 |         40 |                       _bisect
import time:       846 |        886 |                     bisect
import time:        41 |         41 |                     _random
import time:        38 |         38 |                     _sha512
import time:      1131 |       2094 |                   random
import time:       941 |       7471 |                 secrets
import time:       871 |       9902 |               numpy.random.bit_generator
import time:       616 |        616 |               numpy.random._bounded_integers
import time:       603 |        603 |               numpy.random._mt19937
import time:      1170 |      12289 |             numpy.random.mtrand
import time:       621 |        621 |             numpy.random._philox
import time:       589 |        589 |             numpy.random._pcg64
import time:       644 |        644 |             numpy.random._sfc64
import time:       991 |        991 |             numpy.random._generator
import time:       538 |      15670 |           numpy.random._pickle
import time:       422 |      16091 |         numpy.random
import time:       568 |        568 |         numpy.ctypeslib
import time:        48 |         48 |                   _opcode
import time:       939 |        986 |                 opcode
import time:      1093 |       2078 |               dis
import time:       848 |        848 |                   token
import time:      1393 |       2240 |                 tokenize
import time:       923 |       3163 |               linecache
import time:      2403 |       7644 |             inspect
import time:      3002 |      10645 |           numpy.ma.core
import time:      1117 |       1117 |           numpy.ma.extras
import time:       445 |      12206 |         numpy.ma
import time:      1922 |     165373 |       numpy
import time:       514 |        514 |         pytz.exceptions
import time:       405 |        405 |         pytz.lazy
import time:       461 |        461 |         pytz.tzinfo
import time:       323 |        323 |         pytz.tzfile
import time:      1297 |       2998 |       pytz
import time:       430 |        430 |         dateutil._version
import time:       847 |       1276 |       dateutil
import time:      2750 |       2750 |         typing
import time:      2273 |       2273 |         pandas._typing
import time:       601 |        601 |                                 pandas._libs.tslibs.np_datetime
import time:      1206 |       1806 |                               pandas._libs.tslibs.dtypes
import time:       514 |        514 |                                 pandas._libs.tslibs.base
import time:       330 |        330 |                                   pandas.util._exceptions
import time:       697 |       1026 |                                 pandas._libs.tslibs.nattype
import time:       903 |        903 |                                       pandas.util.version
import time:       381 |       1284 |                                     pandas.compat._optional
import time:      1382 |       1382 |                                         sysconfig
import time:      1276 |       2657 |                                       zoneinfo._tzpath
import time:       599 |        599 |                                       zoneinfo._common
import time:       874 |        874 |                                       _zoneinfo
import time:       984 |       5114 |                                     zoneinfo
import time:      1348 |       1348 |                                         six
import time:        34 |         34 |                                         six.moves
import time:       397 |        397 |                                         dateutil.tz._common
import time:       339 |        339 |                                         dateutil.tz._factories
import time:       919 |        919 |                                           ctypes.wintypes
import time:       511 |       1430 |                                         dateutil.tz.win
import time:       933 |       4479 |                                       dateutil.tz.tz
import time:       376 |       4854 |                                     dateutil.tz
import time:      1421 |      12671 |                                   pandas._libs.tslibs.timezones
import time:       694 |      13365 |                                 pandas._libs.tslibs.tzconversion
import time:       512 |        512 |                                         pandas._libs.tslibs.ccalendar
import time:      1538 |       1538 |                                         locale
import time:      1121 |       1121 |                                           calendar
import time:      1346 |       2467 |                                         _strptime
import time:       990 |        990 |                                             pandas._config.config
import time:       384 |        384 |                                             pandas._config.dates
import time:       335 |        335 |                                             pandas._config.display
import time:       445 |       2154 |                                           pandas._config
import time:       326 |       2479 |                                         pandas._config.localization
import time:       760 |       7755 |                                       pandas._libs.tslibs.fields
import time:       919 |       8673 |                                     pandas._libs.tslibs.timedeltas
import time:       611 |        611 |                                       backports_abc
import time:       942 |       1553 |                                     pandas._libs.tslibs.timestamps
import time:       562 |        562 |                                     backports_abc
import time:       309 |        309 |                                     dateutil.easter
import time:       297 |        297 |                                       dateutil._common
import time:       357 |        654 |                                     dateutil.relativedelta
import time:       526 |        526 |                                     pandas._libs.properties
import time:      1971 |      14244 |                                   pandas._libs.tslibs.offsets
import time:       716 |        716 |                                   backports_abc
import time:        48 |         48 |                                         _string
import time:      1271 |       1318 |                                       string
import time:      1361 |       1361 |                                         _decimal
import time:       804 |       2164 |                                       decimal
import time:       874 |       4355 |                                     dateutil.parser._parser
import time:       493 |        493 |                                     dateutil.parser.isoparser
import time:       481 |       5328 |                                   dateutil.parser
import time:      1157 |      21443 |                                 pandas._libs.tslibs.parsing
import time:       791 |      37138 |                               pandas._libs.tslibs.conversion
import time:       918 |        918 |                               pandas._libs.tslibs.period
import time:       621 |        621 |                               pandas._libs.tslibs.vectorized
import time:       467 |      40949 |                             pandas._libs.tslibs
import time:        27 |      40975 |                           pandas._libs.tslibs.nattype
import time:       505 |        505 |                           pandas._libs.ops_dispatch
import time:       705 |      42184 |                         pandas._libs.missing
import time:       889 |      43073 |                       pandas._libs.hashtable
import time:       821 |        821 |                       pandas._libs.algos
import time:      1288 |      45180 |                     pandas._libs.interval
import time:       353 |      45532 |                   pandas._libs
import time:        27 |      45559 |                 pandas._libs.properties
import time:       596 |      46154 |               pandas.util._decorators
import time:       364 |        364 |                   pandas.core
import time:       513 |        877 |                 pandas.core.util
import time:       633 |        633 |                   pandas._libs.tslib
import time:      1026 |       1659 |                 pandas._libs.lib
import time:       562 |        562 |                 pandas._libs.hashing
import time:       375 |        375 |                   pandas.core.dtypes
import time:       695 |        695 |                     pandas.errors
import time:       792 |        792 |                     pandas.core.dtypes.generic
import time:       463 |       1949 |                   pandas.core.dtypes.base
import time:       350 |        350 |                     pandas.core.dtypes.inference
import time:      1284 |       1634 |                   pandas.core.dtypes.dtypes
import time:       608 |       4564 |                 pandas.core.dtypes.common
import time:       544 |       8203 |               pandas.core.util.hashing
import time:       349 |      54705 |             pandas.util
import time:        28 |      54732 |           pandas.util.version
import time:       590 |      55321 |         pandas.compat.numpy
import time:       625 |        625 |           pyarrow
import time:       317 |        942 |         pandas.compat.pyarrow
import time:       560 |      61845 |       pandas.compat
import time:      1060 |       1060 |       pandas.core.config_init
import time:       411 |        411 |         pandas.core.dtypes.missing
import time:       424 |        424 |             pandas.util._validators
import time:       358 |        358 |             pandas.core.dtypes.astype
import time:       591 |       1372 |           pandas.core.dtypes.cast
import time:       338 |        338 |           pandas.core.dtypes.concat
import time:       340 |        340 |             pandas.core.array_algos
import time:       436 |        436 |               pandas.core.common
import time:       377 |        813 |             pandas.core.construction
import time:       609 |       1761 |           pandas.core.array_algos.take
import time:       448 |        448 |             pandas.core.indexers.utils
import time:       367 |        814 |           pandas.core.indexers
import time:       858 |       5142 |         pandas.core.algorithms
import time:       289 |        289 |                 pandas.core.roperator
import time:       714 |        714 |                       pandas._libs.ops
import time:       343 |        343 |                         pandas.core.computation
import time:       894 |        894 |                         pandas.core.computation.check
import time:       495 |       1732 |                       pandas.core.computation.expressions
import time:       346 |        346 |                       pandas.core.ops.missing
import time:       293 |        293 |                       pandas.core.ops.dispatch
import time:       276 |        276 |                       pandas.core.ops.invalid
import time:       629 |       3988 |                     pandas.core.ops.array_ops
import time:       315 |        315 |                     pandas.core.ops.common
import time:       328 |        328 |                     pandas.core.ops.docstrings
import time:       292 |        292 |                     pandas.core.ops.mask_ops
import time:       319 |        319 |                     pandas.core.ops.methods
import time:       452 |       5691 |                   pandas.core.ops
import time:        22 |       5713 |                 pandas.core.ops.common
import time:       548 |       6549 |               pandas.core.arraylike
import time:       557 |        557 |                 pandas.compat.numpy.function
import time:       421 |        421 |                 pandas.core.missing
import time:       340 |        340 |                 pandas.core.array_algos.quantile
import time:       863 |        863 |                 pandas.core.sorting
import time:       859 |       3040 |               pandas.core.arrays.base
import time:       743 |      10331 |             pandas.core.arrays.arrow.array
import time:       355 |        355 |             pandas.core.arrays.arrow.dtype
import time:       518 |      11204 |           pandas.core.arrays.arrow
import time:      1362 |       1362 |               pandas.core.nanops
import time:       311 |        311 |               pandas.core.array_algos.masked_reductions
import time:       879 |       2551 |             pandas.core.arrays.masked
import time:       446 |       2996 |           pandas.core.arrays.boolean
import time:        80 |         80 |               _csv
import time:       983 |       1063 |             csv
import time:        77 |         77 |               zlib
import time:       892 |        892 |                 _compression
import time:       945 |        945 |                 _bz2
import time:       953 |       2789 |               bz2
import time:       948 |        948 |                 _lzma
import time:       915 |       1863 |               lzma
import time:      1321 |       6048 |             shutil
import time:       589 |        589 |             pandas._libs.arrays
import time:       497 |        497 |             pandas.core.accessor
import time:       290 |        290 |               pandas.core.array_algos.transforms
import time:       710 |        999 |             pandas.core.arrays._mixins
import time:       802 |        802 |             pandas.core.base
import time:      2817 |       2817 |                 pandas.core.strings.accessor
import time:       434 |        434 |                 pandas.core.strings.base
import time:       380 |       3629 |               pandas.core.strings
import time:       996 |        996 |               unicodedata
import time:       477 |       5100 |             pandas.core.strings.object_array
import time:       378 |        378 |               pandas.io
import time:       502 |        879 |             pandas.io.formats
import time:       488 |        488 |             pandas.io.formats.console
import time:      1213 |      17673 |           pandas.core.arrays.categorical
import time:       424 |        424 |                 pandas.core.arrays.numeric
import time:       510 |        934 |               pandas.core.arrays.integer
import time:       381 |        381 |               pandas.tseries
import time:       613 |        613 |               pandas.tseries.frequencies
import time:      1332 |       3259 |             pandas.core.arrays.datetimelike
import time:       312 |        312 |             pandas.core.arrays._ranges
import time:       324 |        324 |             pandas.tseries.offsets
import time:       716 |       4609 |           pandas.core.arrays.datetimes
import time:       403 |        403 |           pandas.core.arrays.floating
import time:       379 |        379 |               pandas.core.indexes
import time:       809 |        809 |               pandas._libs.index
import time:      1108 |       1108 |               pandas._libs.join
import time:       362 |        362 |               pandas.core.array_algos.putmask
import time:       732 |        732 |                     pandas._libs.sparse
import time:       379 |        379 |                     pandas.core.arrays.sparse.dtype
import time:       489 |        489 |                     pandas.io.formats.printing
import time:       711 |       2310 |                   pandas.core.arrays.sparse.array
import time:       524 |       2834 |                 pandas.core.arrays.sparse.accessor
import time:       355 |       3189 |               pandas.core.arrays.sparse
import time:       511 |        511 |                 pandas.core.arrays.numpy_
import time:       527 |       1038 |               pandas.core.arrays.string_
import time:       334 |        334 |               pandas.core.indexes.frozen
import time:      2084 |       9299 |             pandas.core.indexes.base
import time:      1470 |      10768 |           pandas.core.arrays.interval
import time:       644 |        644 |           pandas.core.arrays.period
import time:       482 |        482 |           pandas.core.arrays.string_arrow
import time:       607 |        607 |           pandas.core.arrays.timedeltas
import time:       471 |      49854 |         pandas.core.arrays
import time:       323 |        323 |         pandas.core.flags
import time:       574 |        574 |             pandas._libs.reduction
import time:       680 |        680 |             pandas.core.apply
import time:        64 |         64 |                 gc
import time:       603 |        603 |                   pandas._libs.indexing
import time:       443 |        443 |                       pandas.core.indexes.extension
import time:       551 |        994 |                     pandas.core.indexes.category
import time:       539 |        539 |                           pandas.core.indexes.numeric
import time:       672 |       1210 |                         pandas.core.indexes.range
import time:       363 |        363 |                           pandas.core.tools
import time:       466 |        828 |                         pandas.core.tools.timedeltas
import time:       814 |       2851 |                       pandas.core.indexes.datetimelike
import time:       316 |        316 |                       pandas.core.tools.times
import time:      1153 |       4319 |                     pandas.core.indexes.datetimes
import time:      1910 |       1910 |                       pandas.core.indexes.multi
import time:       398 |        398 |                       pandas.core.indexes.timedeltas
import time:       973 |       3280 |                     pandas.core.indexes.interval
import time:       567 |        567 |                     pandas.core.indexes.period
import time:       474 |       9632 |                   pandas.core.indexes.api
import time:      1367 |      11602 |                 pandas.core.indexing
import time:       347 |        347 |                 pandas.core.sample
import time:       304 |        304 |                 pandas.core.array_algos.replace
import time:       360 |        360 |                     pandas.core.reshape
import time:       624 |        624 |                           backports_abc
import time:       873 |       1496 |                         pandas._libs.internals
import time:       629 |        629 |                           pandas._libs.writers
import time:       884 |       1513 |                         pandas.core.internals.blocks
import time:       445 |       3454 |                       pandas.core.internals.api
import time:       406 |        406 |                         pandas.core.internals.base
import time:       718 |       1124 |                       pandas.core.internals.array_manager
import time:       597 |        597 |                               org
import time:        21 |        618 |                             org.python
import time:        21 |        638 |                           org.python.core
import time:       897 |       1535 |                         copy
import time:       486 |        486 |                           pandas.core.internals.ops
import time:       790 |       1276 |                         pandas.core.internals.managers
import time:       494 |       3304 |                       pandas.core.internals.concat
import time:       415 |       8296 |                     pandas.core.internals
import time:       601 |       9256 |                   pandas.core.reshape.concat
import time:      1250 |       1250 |                       dataclasses
import time:      1007 |       1007 |                       gzip
import time:        73 |         73 |                       mmap
import time:       601 |        601 |                         pwd
import time:       558 |        558 |                         grp
import time:      1463 |       2620 |                       tarfile
import time:      1370 |       1370 |                       zipfile
import time:       349 |        349 |                       pandas.core.shared_docs
import time:      1740 |       8406 |                     pandas.io.common
import time:       794 |       9200 |                   pandas.io.formats.format
import time:       398 |      18854 |                 pandas.core.describe
import time:       454 |        454 |                 pandas.core.internals.construction
import time:       361 |        361 |                       pandas._libs.window
import time:      1307 |       1668 |                     pandas._libs.window.aggregations
import time:       590 |        590 |                       pandas._libs.window.indexers
import time:       674 |       1264 |                     pandas.core.indexers.objects
import time:       354 |        354 |                     pandas.core.util.numba_
import time:       316 |        316 |                     pandas.core.window.common
import time:       408 |        408 |                     pandas.core.window.doc
import time:       367 |        367 |                     pandas.core.window.numba_
import time:       301 |        301 |                     pandas.core.window.online
import time:       411 |        411 |                       pandas.core._numba
import time:       421 |        421 |                       pandas.core._numba.executor
import time:      2303 |       3135 |                     pandas.core.window.rolling
import time:       982 |       8790 |                   pandas.core.window.ewm
import time:      1161 |       1161 |                   pandas.core.window.expanding
import time:       409 |      10360 |                 pandas.core.window
import time:      6315 |      48297 |               pandas.core.generic
import time:       409 |        409 |                 pandas.core.reshape.util
import time:       361 |        361 |                 pandas.core.tools.numeric
import time:      1442 |       2211 |               pandas.core.reshape.melt
import time:       759 |        759 |                 pandas._libs.reshape
import time:       657 |        657 |                 pandas.core.indexes.accessors
import time:      1104 |       1104 |                   pandas._libs.tslibs.strptime
import time:       410 |        410 |                   pandas.arrays
import time:       991 |       2504 |                 pandas.core.tools.datetimes
import time:      1056 |       1056 |                 pandas.io.formats.info
import time:      1587 |       1587 |                   pandas.plotting._core
import time:       486 |        486 |                   pandas.plotting._misc
import time:       415 |       2487 |                 pandas.plotting
import time:      4190 |      11651 |               pandas.core.series
import time:      8729 |      70887 |             pandas.core.frame
import time:      1245 |       1245 |             pandas.core.groupby.base
import time:       642 |        642 |                 backports_abc
import time:      1151 |       1793 |               pandas._libs.groupby
import time:       389 |        389 |               pandas.core.groupby.numba_
import time:       318 |        318 |                   pandas.core.groupby.categorical
import time:       519 |        836 |                 pandas.core.groupby.grouper
import time:       723 |       1559 |               pandas.core.groupby.ops
import time:       507 |        507 |               pandas.core.groupby.indexing
import time:      2506 |       6752 |             pandas.core.groupby.groupby
import time:      2352 |      82487 |           pandas.core.groupby.generic
import time:       387 |      82873 |         pandas.core.groupby
import time:       433 |     139034 |       pandas.core.api
import time:       489 |        489 |       pandas.tseries.api
import time:       289 |        289 |               pandas.core.computation.common
import time:       389 |        678 |             pandas.core.computation.align
import time:      1089 |       1089 |                 pprint
import time:       405 |        405 |                 pandas.compat.chainmap
import time:       396 |       1890 |               pandas.core.computation.scope
import time:       536 |       2426 |             pandas.core.computation.ops
import time:       440 |       3543 |           pandas.core.computation.engines
import time:       344 |        344 |             pandas.core.computation.parsing
import time:      1698 |       2042 |           pandas.core.computation.expr
import time:       422 |       6006 |         pandas.core.computation.eval
import time:       385 |       6391 |       pandas.core.computation.api
import time:       363 |        363 |         pandas.core.reshape.encoding
import time:      1356 |       1356 |             _uuid
import time:      1886 |       3241 |           uuid
import time:      9969 |      13209 |         pandas.core.reshape.merge
import time:      1996 |       1996 |         pandas.core.reshape.pivot
import time:       866 |        866 |         pandas.core.reshape.tile
import time:       493 |      16924 |       pandas.core.reshape.api
import time:       976 |        976 |         pandas.api.extensions
import time:       848 |        848 |         pandas.api.indexers
import time:       552 |        552 |             pandas.core.interchange
import time:      1797 |       2348 |           pandas.core.interchange.dataframe_protocol
import time:       465 |        465 |                 pandas.core.dtypes.api
import time:       580 |       1044 |               pandas.api.types
import time:       538 |        538 |               pandas.core.interchange.buffer
import time:       522 |        522 |               pandas.core.interchange.utils
import time:       701 |       2804 |             pandas.core.interchange.column
import time:       668 |       3472 |           pandas.core.interchange.from_dataframe
import time:       631 |       6451 |         pandas.api.interchange
import time:       785 |       9059 |       pandas.api
import time:       525 |        525 |             pandas._testing._random
import time:      1692 |       1692 |               tempfile
import time:       566 |       2257 |             pandas._testing.contexts
import time:       814 |       3595 |           pandas._testing._io
import time:       584 |        584 |           pandas._testing._warnings
import time:       100 |        100 |               cmath
import time:       859 |        958 |             pandas._libs.testing
import time:       747 |       1705 |           pandas._testing.asserters
import time:       480 |        480 |           pandas._testing.compat
import time:      1460 |       7823 |         pandas._testing
import time:       441 |       8264 |       pandas.testing
import time:       679 |        679 |       pandas.util._print_versions
import time:       564 |        564 |         pandas.io.clipboards
import time:      1017 |       1017 |               backports_abc
import time:      1664 |       2680 |             pandas._libs.parsers
import time:       654 |        654 |             pandas.io.excel._util
import time:       487 |        487 |                     pandas.io.date_converters
import time:      1076 |       1563 |                   pandas.io.parsers.base_parser
import time:       540 |       2103 |                 pandas.io.parsers.arrow_parser_wrapper
import time:       603 |        603 |                 pandas.io.parsers.c_parser_wrapper
import time:       799 |        799 |                 pandas.io.parsers.python_parser
import time:      4684 |       8187 |               pandas.io.parsers.readers
import time:       607 |       8794 |             pandas.io.parsers
import time:       878 |        878 |             pandas.io.excel._odfreader
import time:       733 |        733 |             pandas.io.excel._openpyxl
import time:       424 |        424 |             pandas.io.excel._pyxlsb
import time:       379 |        379 |             pandas.io.excel._xlrd
import time:      3872 |      18411 |           pandas.io.excel._base
import time:       643 |        643 |             pandas._libs.json
import time:       456 |       1099 |           pandas.io.excel._odswriter
import time:       517 |        517 |           pandas.io.excel._xlsxwriter
import time:       382 |        382 |           pandas.io.excel._xlwt
import time:       846 |      21252 |         pandas.io.excel
import time:       427 |        427 |         pandas.io.feather_format
import time:       325 |        325 |         pandas.io.gbq
import time:       783 |        783 |         pandas.io.html
import time:       854 |        854 |             pandas.io.json._normalize
import time:       398 |        398 |             pandas.io.json._table_schema
import time:      1378 |       2629 |           pandas.io.json._json
import time:       405 |       3033 |         pandas.io.json
import time:       360 |        360 |         pandas.io.orc
import time:       635 |        635 |         pandas.io.parquet
import time:       462 |        462 |           pandas.compat.pickle_compat
import time:       582 |       1043 |         pandas.io.pickle
import time:       662 |        662 |           pandas.core.computation.pytables
import time:      1685 |       2346 |         pandas.io.pytables
import time:       665 |        665 |           pandas.io.sas.sasreader
import time:       432 |       1096 |         pandas.io.sas
import time:       324 |        324 |         pandas.io.spss
import time:       900 |        900 |         pandas.io.sql
import time:      2304 |       2304 |         pandas.io.stata
import time:      1227 |       1227 |         pandas.io.xml
import time:       780 |      37394 |       pandas.io.api
import time:       429 |        429 |       pandas.util._tester
import time:       312 |        312 |       pandas._version
import time:      1178 |     453519 |     pandas
import time:       725 |     456228 |   pysubgroup.subgroup_description
import time:        70 |         70 |       _heapq
import time:      1096 |       1166 |     heapq
import time:       886 |       2051 |   pysubgroup.algorithms
import time:       717 |        717 |   pysubgroup.measures
import time:       422 |        422 |   pysubgroup.utils
import time:       569 |        569 |   pysubgroup.binary_target
import time:       787 |        787 |   pysubgroup.numeric_target
import time:       468 |        468 |   pysubgroup.fi_target
import time:       394 |        394 |   pysubgroup.visualization
import time:       336 |        336 |   pysubgroup.refinement_operator
import time:       454 |        454 |   pysubgroup.representations
import time:       334 |        334 |   pysubgroup.constraints
import time:       494 |        494 |   pysubgroup.gp_growth
import time:       583 |        583 |   pysubgroup.model_target
import time:       556 |     464388 | pysubgroup
