\BOOKMARK [0][-]{chapter.1}{\376\377\000P\000y\000s\000u\000b\000g\000r\000o\000u\000p}{}% 1
\BOOKMARK [1][-]{section.1.1}{\376\377\000S\000u\000b\000g\000r\000o\000u\000p\000\040\000D\000i\000s\000c\000o\000v\000e\000r\000y}{chapter.1}% 2
\BOOKMARK [1][-]{section.1.2}{\376\377\000P\000r\000e\000r\000e\000q\000u\000i\000s\000i\000t\000e\000s\000\040\000a\000n\000d\000\040\000I\000n\000s\000t\000a\000l\000l\000a\000t\000i\000o\000n}{chapter.1}% 3
\BOOKMARK [1][-]{section.1.3}{\376\377\000H\000o\000w\000\040\000t\000o\000\040\000u\000s\000e\000:}{chapter.1}% 4
\BOOKMARK [0][-]{chapter.2}{\376\377\000H\000o\000w\000\040\000p\000y\000s\000u\000b\000g\000r\000o\000u\000p\000\040\000w\000o\000r\000k\000s}{}% 5
\BOOKMARK [0][-]{chapter.3}{\376\377\000S\000e\000l\000e\000c\000t\000o\000r\000s}{}% 6
\BOOKMARK [1][-]{section.3.1}{\376\377\000B\000a\000s\000i\000c\000\040\000S\000e\000l\000e\000c\000t\000o\000r\000s}{chapter.3}% 7
\BOOKMARK [1][-]{section.3.2}{\376\377\000N\000e\000g\000a\000t\000i\000o\000n\000s}{chapter.3}% 8
\BOOKMARK [1][-]{section.3.3}{\376\377\000C\000o\000n\000j\000u\000n\000c\000t\000i\000o\000n\000s}{chapter.3}% 9
\BOOKMARK [1][-]{section.3.4}{\376\377\000D\000i\000s\000j\000u\000n\000c\000t\000i\000o\000n\000s}{chapter.3}% 10
\BOOKMARK [1][-]{section.3.5}{\376\377\000I\000m\000p\000l\000e\000m\000e\000n\000t\000i\000n\000g\000\040\000y\000o\000u\000r\000\040\000o\000w\000n}{chapter.3}% 11
\BOOKMARK [0][-]{chapter.4}{\376\377\000T\000a\000r\000g\000e\000t\000s\000\040\000a\000n\000d\000\040\000Q\000u\000a\000l\000i\000t\000y\000\040\000F\000u\000n\000c\000t\000i\000o\000n\000s}{}% 12
\BOOKMARK [1][-]{section.4.1}{\376\377\000F\000r\000e\000q\000u\000e\000n\000t\000\040\000I\000t\000e\000m\000s\000e\000t\000\040\000T\000a\000r\000g\000e\000t\000s}{chapter.4}% 13
\BOOKMARK [1][-]{section.4.2}{\376\377\000B\000i\000n\000a\000r\000y\000\040\000T\000a\000r\000g\000e\000t\000s}{chapter.4}% 14
\BOOKMARK [1][-]{section.4.3}{\376\377\000N\000o\000m\000i\000n\000a\000l\000\040\000T\000a\000r\000g\000e\000t\000s}{chapter.4}% 15
\BOOKMARK [1][-]{section.4.4}{\376\377\000N\000u\000m\000e\000r\000i\000c\000\040\000T\000a\000r\000g\000e\000t\000s}{chapter.4}% 16
\BOOKMARK [1][-]{section.4.5}{\376\377\000C\000u\000s\000t\000o\000m\000\040\000Q\000u\000a\000l\000i\000t\000y\000\040\000F\000u\000n\000c\000t\000i\000o\000n}{chapter.4}% 17
\BOOKMARK [0][-]{chapter.5}{\376\377\000G\000P\000-\000G\000r\000o\000w\000t\000h}{}% 18
\BOOKMARK [1][-]{section.5.1}{\376\377\000B\000a\000s\000i\000c\000\040\000u\000s\000a\000g\000e}{chapter.5}% 19
\BOOKMARK [1][-]{section.5.2}{\376\377\000C\000r\000e\000a\000t\000e\000\040\000a\000\040\000c\000u\000s\000t\000o\000m\000\040\000t\000a\000r\000g\000e\000t}{chapter.5}% 20
\BOOKMARK [0][-]{chapter.6}{\376\377\000p\000y\000s\000u\000b\000g\000r\000o\000u\000p}{}% 21
\BOOKMARK [1][-]{section.6.1}{\376\377\000p\000y\000s\000u\000b\000g\000r\000o\000u\000p\000\040\000p\000a\000c\000k\000a\000g\000e}{chapter.6}% 22
\BOOKMARK [0][-]{chapter.7}{\376\377\000I\000n\000d\000i\000c\000e\000s\000\040\000a\000n\000d\000\040\000t\000a\000b\000l\000e\000s}{}% 23
\BOOKMARK [0][-]{section*.293}{\376\377\000P\000y\000t\000h\000o\000n\000\040\000M\000o\000d\000u\000l\000e\000\040\000I\000n\000d\000e\000x}{}% 24
\BOOKMARK [0][-]{section*.294}{\376\377\000I\000n\000d\000e\000x}{}% 25
